<?xml version="1.0" encoding="UTF-8"?>
<testng-results skipped="0" failed="0" ignored="0" total="1" passed="1">
  <reporter-output>
  </reporter-output>
  <suite name="Default suite" duration-ms="32734" started-at="2022-06-27T08:12:10 IST" finished-at="2022-06-27T08:12:42 IST">
    <groups>
    </groups>
    <test name="Default test" duration-ms="32734" started-at="2022-06-27T08:12:10 IST" finished-at="2022-06-27T08:12:42 IST">
      <class name="pack1.DownloadHandling">
        <test-method status="PASS" signature="beforeTest()[pri:0, instance:pack1.DownloadHandling@7a765367]" name="beforeTest" is-config="true" duration-ms="31964" started-at="2022-06-27T08:12:10 IST" finished-at="2022-06-27T08:12:42 IST">
          <reporter-output>
          </reporter-output>
        </test-method> <!-- beforeTest -->
        <test-method status="PASS" signature="download()[pri:0, instance:pack1.DownloadHandling@7a765367]" name="download" duration-ms="547" started-at="2022-06-27T08:12:42 IST" finished-at="2022-06-27T08:12:42 IST">
          <reporter-output>
          </reporter-output>
        </test-method> <!-- download -->
      </class> <!-- pack1.DownloadHandling -->
    </test> <!-- Default test -->
  </suite> <!-- Default suite -->
</testng-results>
